
> @college-connect/web@0.1.0 build
> next build

   ▲ Next.js 16.0.3 (Turbopack)
   - Environments: .env.production, .env
   - Experiments (use with caution):
     · serverActions

 ⚠ The "middleware" file convention is deprecated. Please use "proxy" instead. Learn more: https://nextjs.org/docs/messages/middleware-to-proxy
   Creating an optimized production build ...
 ✓ Compiled successfully in 9.1s
   Running TypeScript ...
   Collecting page data using 7 workers ...
   Generating static pages using 7 workers (0/1) ...
 ✓ Generating static pages using 7 workers (1/1) in 984.6ms
   Finalizing page optimization ...

Route (app)
┌ ƒ /
├ ƒ /_not-found
├ ƒ /clubs
├ ƒ /dashboard
├ ƒ /events
├ ƒ /login
├ ƒ /marketplace
├ ƒ /notes
├ ƒ /profile
└ ƒ /register


ƒ Proxy (Middleware)

ƒ  (Dynamic)  server-rendered on demand

